2023-09-17 15:18:10,068 INFO o.a.j.u.JMeterUtils: Setting Locale to en_EN
2023-09-17 15:18:10,075 INFO o.a.j.JMeter: Loading user properties from: /home/chishiki/Downloads/apache-jmeter-5.6.2/bin/user.properties
2023-09-17 15:18:10,075 INFO o.a.j.JMeter: Loading system properties from: /home/chishiki/Downloads/apache-jmeter-5.6.2/bin/system.properties
2023-09-17 15:18:10,078 INFO o.a.j.JMeter: Copyright (c) 1998-2023 The Apache Software Foundation
2023-09-17 15:18:10,078 INFO o.a.j.JMeter: Version 5.6.2
2023-09-17 15:18:10,079 INFO o.a.j.JMeter: java.version=1.8.0_382
2023-09-17 15:18:10,079 INFO o.a.j.JMeter: java.vm.name=OpenJDK 64-Bit Server VM
2023-09-17 15:18:10,079 INFO o.a.j.JMeter: os.name=Linux
2023-09-17 15:18:10,079 INFO o.a.j.JMeter: os.arch=amd64
2023-09-17 15:18:10,079 INFO o.a.j.JMeter: os.version=6.2.0-32-generic
2023-09-17 15:18:10,079 INFO o.a.j.JMeter: file.encoding=UTF-8
2023-09-17 15:18:10,079 INFO o.a.j.JMeter: java.awt.headless=null
2023-09-17 15:18:10,079 INFO o.a.j.JMeter: Max memory     =1073741824
2023-09-17 15:18:10,079 INFO o.a.j.JMeter: Available Processors =16
2023-09-17 15:18:10,081 INFO o.a.j.JMeter: Default Locale=English (EN)
2023-09-17 15:18:10,082 INFO o.a.j.JMeter: JMeter  Locale=English (EN)
2023-09-17 15:18:10,082 INFO o.a.j.JMeter: JMeterHome=/home/chishiki/Downloads/apache-jmeter-5.6.2
2023-09-17 15:18:10,082 INFO o.a.j.JMeter: user.dir  =/home/chishiki/Desktop/saveFile1/ARM-Function/POSAccount
2023-09-17 15:18:10,082 INFO o.a.j.JMeter: PWD       =/home/chishiki/Desktop/saveFile1/ARM-Function/POSAccount
2023-09-17 15:18:10,082 INFO o.a.j.JMeter: IP: 127.0.1.1 Name: chishiki FullName: chishiki
2023-09-17 15:18:10,089 INFO o.a.j.JMeter: Loaded icon properties from org/apache/jmeter/images/icon.properties
2023-09-17 15:18:10,207 INFO o.a.j.JMeterGuiLauncher: Setting LAF to: com.github.weisj.darklaf.DarkLaf:com.github.weisj.darklaf.theme.SolarizedDarkTheme
2023-09-17 15:18:10,839 INFO o.a.j.r.ClassFinder: Will scan jar /home/chishiki/Downloads/apache-jmeter-5.6.2/lib/ext/jmeter-plugins-manager-1.10.jar with filter ExtendsClassFilter [parents=[interface org.apache.jmeter.gui.action.Command], inner=false, contains=null, notContains=null]. Consider exposing JMeter plugins via META-INF/services, and add JMeter-Skip-Class-Scanning=true manifest attribute so JMeter can skip classfile scanning
2023-09-17 15:18:10,937 INFO o.a.j.r.ClassFinder: Will scan jar /home/chishiki/Downloads/apache-jmeter-5.6.2/lib/ext/jmeter-plugins-dummy-0.4.jar with filter ExtendsClassFilter [parents=[interface org.apache.jmeter.gui.action.Command], inner=false, contains=null, notContains=null]. Consider exposing JMeter plugins via META-INF/services, and add JMeter-Skip-Class-Scanning=true manifest attribute so JMeter can skip classfile scanning
2023-09-17 15:18:10,998 INFO o.a.j.r.ClassFinder: Will scan jar /home/chishiki/Downloads/apache-jmeter-5.6.2/lib/ext/jmeter-plugins-manager-1.10.jar with filter ExtendsClassFilter [parents=[interface org.apache.jmeter.gui.plugin.MenuCreator], inner=false, contains=null, notContains=null]. Consider exposing JMeter plugins via META-INF/services, and add JMeter-Skip-Class-Scanning=true manifest attribute so JMeter can skip classfile scanning
2023-09-17 15:18:11,000 INFO o.a.j.r.ClassFinder: Will scan jar /home/chishiki/Downloads/apache-jmeter-5.6.2/lib/ext/jmeter-plugins-dummy-0.4.jar with filter ExtendsClassFilter [parents=[interface org.apache.jmeter.gui.plugin.MenuCreator], inner=false, contains=null, notContains=null]. Consider exposing JMeter plugins via META-INF/services, and add JMeter-Skip-Class-Scanning=true manifest attribute so JMeter can skip classfile scanning
2023-09-17 15:18:11,071 INFO o.j.r.JARSourceHTTP: Found cached repo
2023-09-17 15:18:11,266 INFO o.j.r.PluginManager: Plugins Status: [jpgc-dummy=0.4, jpgc-plugins-manager=1.10, jmeter-core=5.6.2, jmeter-ftp=5.6.2, jmeter-http=5.6.2, jmeter-jdbc=5.6.2, jmeter-jms=5.6.2, jmeter-junit=5.6.2, jmeter-java=5.6.2, jmeter-ldap=5.6.2, jmeter-mail=5.6.2, jmeter-mongodb=5.6.2, jmeter-native=5.6.2, jmeter-tcp=5.6.2, jmeter-components=5.6.2]
2023-09-17 15:19:15,233 INFO o.a.j.p.h.c.CookieManager: Settings: Delete null: true Check: true Allow variable: true Save: false Prefix: COOKIE_
2023-09-17 15:19:15,245 INFO o.a.j.p.h.s.HTTPSamplerBase: Parser for text/html is org.apache.jmeter.protocol.http.parser.LagartoBasedHtmlParser
2023-09-17 15:19:15,245 INFO o.a.j.p.h.s.HTTPSamplerBase: Parser for application/xhtml+xml is org.apache.jmeter.protocol.http.parser.LagartoBasedHtmlParser
2023-09-17 15:19:15,246 INFO o.a.j.p.h.s.HTTPSamplerBase: Parser for application/xml is org.apache.jmeter.protocol.http.parser.LagartoBasedHtmlParser
2023-09-17 15:19:15,246 INFO o.a.j.p.h.s.HTTPSamplerBase: Parser for text/xml is org.apache.jmeter.protocol.http.parser.LagartoBasedHtmlParser
2023-09-17 15:19:15,246 INFO o.a.j.p.h.s.HTTPSamplerBase: Parser for text/vnd.wap.wml is org.apache.jmeter.protocol.http.parser.RegexpHTMLParser
2023-09-17 15:19:15,246 INFO o.a.j.p.h.s.HTTPSamplerBase: Parser for text/css is org.apache.jmeter.protocol.http.parser.CssParser
2023-09-17 15:21:39,849 INFO o.a.j.s.FileServer: Default base='/home/chishiki/Desktop/saveFile1/ARM-Function/POSAccount'
2023-09-17 15:21:39,850 INFO o.a.j.s.FileServer: Set new base='/home/chishiki/Desktop/saveFile1/ChangePIN-RegisterTerminal'
2023-09-17 15:21:39,924 INFO o.a.j.s.SaveService: Testplan (JMX) version: 2.2. Testlog (JTL) version: 2.2
2023-09-17 15:21:39,929 INFO o.a.j.s.SaveService: Using SaveService properties file encoding UTF-8
2023-09-17 15:21:39,930 INFO o.a.j.s.SaveService: Using SaveService properties version 5.0
2023-09-17 15:29:44,568 INFO o.a.j.s.SampleResult: Note: Sample TimeStamps are START times
2023-09-17 15:29:44,568 INFO o.a.j.s.SampleResult: sampleresult.default.encoding is set to UTF-8
2023-09-17 15:29:44,568 INFO o.a.j.s.SampleResult: sampleresult.useNanoTime=true
2023-09-17 15:29:44,568 INFO o.a.j.s.SampleResult: sampleresult.nanoThreadSleep=5000
2023-09-17 15:29:44,673 INFO o.a.j.r.ClassFinder: Will scan jar /home/chishiki/Downloads/apache-jmeter-5.6.2/lib/ext/jmeter-plugins-manager-1.10.jar with filter ExtendsClassFilter [parents=[interface org.apache.jmeter.visualizers.ResultRenderer], inner=false, contains=null, notContains=null]. Consider exposing JMeter plugins via META-INF/services, and add JMeter-Skip-Class-Scanning=true manifest attribute so JMeter can skip classfile scanning
2023-09-17 15:29:44,675 INFO o.a.j.r.ClassFinder: Will scan jar /home/chishiki/Downloads/apache-jmeter-5.6.2/lib/ext/jmeter-plugins-dummy-0.4.jar with filter ExtendsClassFilter [parents=[interface org.apache.jmeter.visualizers.ResultRenderer], inner=false, contains=null, notContains=null]. Consider exposing JMeter plugins via META-INF/services, and add JMeter-Skip-Class-Scanning=true manifest attribute so JMeter can skip classfile scanning
2023-09-17 15:29:44,686 INFO o.a.j.r.ClassFinder: Will scan jar /home/chishiki/Downloads/apache-jmeter-5.6.2/lib/ext/jmeter-plugins-manager-1.10.jar with filter ExtendsClassFilter [parents=[interface org.apache.jmeter.visualizers.RequestView], inner=false, contains=null, notContains=null]. Consider exposing JMeter plugins via META-INF/services, and add JMeter-Skip-Class-Scanning=true manifest attribute so JMeter can skip classfile scanning
2023-09-17 15:29:44,687 INFO o.a.j.r.ClassFinder: Will scan jar /home/chishiki/Downloads/apache-jmeter-5.6.2/lib/ext/jmeter-plugins-dummy-0.4.jar with filter ExtendsClassFilter [parents=[interface org.apache.jmeter.visualizers.RequestView], inner=false, contains=null, notContains=null]. Consider exposing JMeter plugins via META-INF/services, and add JMeter-Skip-Class-Scanning=true manifest attribute so JMeter can skip classfile scanning
2023-09-17 15:29:56,050 INFO o.a.j.e.StandardJMeterEngine: Running the test!
2023-09-17 15:29:56,050 INFO o.a.j.s.SampleEvent: List of sample_variables: []
2023-09-17 15:29:56,050 INFO o.a.j.s.SampleEvent: List of sample_variables: []
2023-09-17 15:29:56,051 INFO o.a.j.e.u.CompoundVariable: Note: Function class names must contain the string: '.functions.'
2023-09-17 15:29:56,051 INFO o.a.j.e.u.CompoundVariable: Note: Function class names must not contain the string: '.gui.'
2023-09-17 15:29:56,218 INFO o.a.j.r.ClassFinder: Will scan jar /home/chishiki/Downloads/apache-jmeter-5.6.2/lib/ext/jmeter-plugins-manager-1.10.jar with filter ExtendsClassFilter [parents=[interface org.apache.jmeter.functions.Function], inner=false, contains=null, notContains=null]. Consider exposing JMeter plugins via META-INF/services, and add JMeter-Skip-Class-Scanning=true manifest attribute so JMeter can skip classfile scanning
2023-09-17 15:29:56,220 INFO o.a.j.r.ClassFinder: Will scan jar /home/chishiki/Downloads/apache-jmeter-5.6.2/lib/ext/jmeter-plugins-dummy-0.4.jar with filter ExtendsClassFilter [parents=[interface org.apache.jmeter.functions.Function], inner=false, contains=null, notContains=null]. Consider exposing JMeter plugins via META-INF/services, and add JMeter-Skip-Class-Scanning=true manifest attribute so JMeter can skip classfile scanning
2023-09-17 15:29:56,251 INFO o.a.j.g.u.JMeterMenuBar: setRunning(true, *local*)
2023-09-17 15:29:56,251 INFO o.a.j.e.StandardJMeterEngine: Starting setUp thread groups
2023-09-17 15:29:56,252 INFO o.a.j.e.StandardJMeterEngine: Starting setUp ThreadGroup: 1 : Clear data token POS 
2023-09-17 15:29:56,252 INFO o.a.j.e.StandardJMeterEngine: Starting 1 threads for group Clear data token POS.
2023-09-17 15:29:56,252 INFO o.a.j.e.StandardJMeterEngine: Thread will continue on error
2023-09-17 15:29:56,252 INFO o.a.j.t.ThreadGroup: Starting thread group... number=1 threads=1 ramp-up=1 delayedStart=false
2023-09-17 15:29:56,259 INFO o.a.j.t.ThreadGroup: Started thread group number 1
2023-09-17 15:29:56,259 INFO o.a.j.e.StandardJMeterEngine: Waiting for all setup thread groups to exit
2023-09-17 15:29:56,260 INFO o.a.j.t.JMeterThread: Thread started: Clear data token POS 1-1
2023-09-17 15:29:56,273 INFO o.a.j.u.BeanShellTestElement: File created successfully: /home/chishiki/Desktop/saveFile1/ChangePIN-RegisterTerminal/dataOutput/data-pos-account-i3.csv
2023-09-17 15:29:56,274 INFO o.a.j.t.JMeterThread: Thread is done: Clear data token POS 1-1
2023-09-17 15:29:56,274 INFO o.a.j.t.JMeterThread: Thread finished: Clear data token POS 1-1
2023-09-17 15:29:56,274 INFO o.a.j.e.StandardJMeterEngine: All Setup Threads have ended
2023-09-17 15:29:56,396 INFO o.a.j.e.StandardJMeterEngine: Starting ThreadGroup: 1 : Thread Group Rest PIN - Login POS - and Change PIN POS 
2023-09-17 15:29:56,396 INFO o.a.j.e.StandardJMeterEngine: Starting 1 threads for group Thread Group Rest PIN - Login POS - and Change PIN POS .
2023-09-17 15:29:56,396 INFO o.a.j.e.StandardJMeterEngine: Thread will continue on error
2023-09-17 15:29:56,396 INFO o.a.j.t.ThreadGroup: Starting thread group... number=1 threads=1 ramp-up=10 delayedStart=false
2023-09-17 15:29:56,397 INFO o.a.j.t.ThreadGroup: Started thread group number 1
2023-09-17 15:29:56,397 INFO o.a.j.e.StandardJMeterEngine: All thread groups have been started
2023-09-17 15:29:56,399 INFO o.a.j.t.JMeterThread: Thread started: Thread Group Rest PIN - Login POS - and Change PIN POS  1-1
2023-09-17 15:29:56,400 INFO o.a.j.s.FileServer: Stored: /home/chishiki/Desktop/saveFile1/ChangePIN-RegisterTerminal/dataInput/data-pos-account-i3-include-PIN.csv Alias: /home/chishiki/Desktop/saveFile1/ChangePIN-RegisterTerminal/dataInput/data-pos-account-i3-include-PIN.csv@719087775
2023-09-17 15:29:56,410 INFO o.a.j.p.h.s.HTTPHCAbstractImpl: Local host = chishiki
2023-09-17 15:29:56,412 INFO o.a.j.p.h.s.HTTPHC4Impl: HTTP request retry count = 0
2023-09-17 15:29:56,443 INFO o.a.j.t.JMeterThread: Thread is done: Thread Group Rest PIN - Login POS - and Change PIN POS  1-1
2023-09-17 15:29:56,443 INFO o.a.j.t.JMeterThread: Thread finished: Thread Group Rest PIN - Login POS - and Change PIN POS  1-1
2023-09-17 15:29:56,444 INFO o.a.j.e.StandardJMeterEngine: Notifying test listeners of end of test
2023-09-17 15:29:56,444 INFO o.a.j.s.FileServer: Close: /home/chishiki/Desktop/saveFile1/ChangePIN-RegisterTerminal/dataInput/data-pos-account-i3-include-PIN.csv@719087775
2023-09-17 15:29:56,445 INFO o.a.j.g.u.JMeterMenuBar: setRunning(false, *local*)
2023-09-17 15:30:29,466 INFO o.a.j.e.StandardJMeterEngine: Running the test!
2023-09-17 15:30:29,466 INFO o.a.j.s.SampleEvent: List of sample_variables: []
2023-09-17 15:30:29,485 INFO o.a.j.g.u.JMeterMenuBar: setRunning(true, *local*)
2023-09-17 15:30:29,487 INFO o.a.j.e.StandardJMeterEngine: Starting setUp thread groups
2023-09-17 15:30:29,487 INFO o.a.j.e.StandardJMeterEngine: Starting setUp ThreadGroup: 1 : Clear data token POS 
2023-09-17 15:30:29,487 INFO o.a.j.e.StandardJMeterEngine: Starting 1 threads for group Clear data token POS.
2023-09-17 15:30:29,487 INFO o.a.j.e.StandardJMeterEngine: Thread will continue on error
2023-09-17 15:30:29,487 INFO o.a.j.t.ThreadGroup: Starting thread group... number=1 threads=1 ramp-up=1 delayedStart=false
2023-09-17 15:30:29,490 INFO o.a.j.t.ThreadGroup: Started thread group number 1
2023-09-17 15:30:29,490 INFO o.a.j.e.StandardJMeterEngine: Waiting for all setup thread groups to exit
2023-09-17 15:30:29,490 INFO o.a.j.t.JMeterThread: Thread started: Clear data token POS 1-1
2023-09-17 15:30:29,493 INFO o.a.j.u.BeanShellTestElement: File deleted successfully: /home/chishiki/Desktop/saveFile1/ChangePIN-RegisterTerminal/dataOutput/data-pos-account-i3.csv
2023-09-17 15:30:29,494 INFO o.a.j.t.JMeterThread: Thread is done: Clear data token POS 1-1
2023-09-17 15:30:29,494 INFO o.a.j.t.JMeterThread: Thread finished: Clear data token POS 1-1
2023-09-17 15:30:29,494 INFO o.a.j.e.StandardJMeterEngine: All Setup Threads have ended
2023-09-17 15:30:29,583 INFO o.a.j.e.StandardJMeterEngine: Starting ThreadGroup: 1 : Thread Group Rest PIN - Login POS - and Change PIN POS 
2023-09-17 15:30:29,583 INFO o.a.j.e.StandardJMeterEngine: Starting 1 threads for group Thread Group Rest PIN - Login POS - and Change PIN POS .
2023-09-17 15:30:29,583 INFO o.a.j.e.StandardJMeterEngine: Thread will continue on error
2023-09-17 15:30:29,583 INFO o.a.j.t.ThreadGroup: Starting thread group... number=1 threads=1 ramp-up=10 delayedStart=false
2023-09-17 15:30:29,584 INFO o.a.j.t.ThreadGroup: Started thread group number 1
2023-09-17 15:30:29,584 INFO o.a.j.e.StandardJMeterEngine: All thread groups have been started
2023-09-17 15:30:29,584 INFO o.a.j.t.JMeterThread: Thread started: Thread Group Rest PIN - Login POS - and Change PIN POS  1-1
2023-09-17 15:30:29,585 INFO o.a.j.s.FileServer: Stored: /home/chishiki/Desktop/saveFile1/ChangePIN-RegisterTerminal/dataInput/data-pos-account-i3-include-PIN.csv Alias: /home/chishiki/Desktop/saveFile1/ChangePIN-RegisterTerminal/dataInput/data-pos-account-i3-include-PIN.csv@665155010
2023-09-17 15:30:29,675 INFO o.a.j.p.h.s.h.LazyLayeredConnectionSocketFactory: Setting up HTTPS TrustAll Socket Factory
2023-09-17 15:30:29,679 INFO o.a.j.u.JsseSSLManager: Using default SSL protocol: TLS
2023-09-17 15:30:29,679 INFO o.a.j.u.JsseSSLManager: SSL session context: per-thread
2023-09-17 15:30:29,938 INFO o.a.j.u.SSLManager: JmeterKeyStore Location:  type JKS
2023-09-17 15:30:29,939 INFO o.a.j.u.SSLManager: KeyStore created OK
2023-09-17 15:30:29,940 WARN o.a.j.u.SSLManager: Keystore file not found, loading empty keystore
2023-09-17 15:30:31,071 INFO o.a.j.t.JMeterThread: Thread is done: Thread Group Rest PIN - Login POS - and Change PIN POS  1-1
2023-09-17 15:30:31,071 INFO o.a.j.t.JMeterThread: Thread finished: Thread Group Rest PIN - Login POS - and Change PIN POS  1-1
2023-09-17 15:30:31,072 INFO o.a.j.e.StandardJMeterEngine: Notifying test listeners of end of test
2023-09-17 15:30:31,072 INFO o.a.j.s.FileServer: Close: /home/chishiki/Desktop/saveFile1/ChangePIN-RegisterTerminal/dataInput/data-pos-account-i3-include-PIN.csv@665155010
2023-09-17 15:30:31,074 INFO o.a.j.g.u.JMeterMenuBar: setRunning(false, *local*)
2023-09-17 15:32:11,975 INFO o.a.j.e.StandardJMeterEngine: Running the test!
2023-09-17 15:32:11,976 INFO o.a.j.s.SampleEvent: List of sample_variables: []
2023-09-17 15:32:11,990 INFO o.a.j.g.u.JMeterMenuBar: setRunning(true, *local*)
2023-09-17 15:32:11,990 INFO o.a.j.e.StandardJMeterEngine: Starting setUp thread groups
2023-09-17 15:32:11,990 INFO o.a.j.e.StandardJMeterEngine: Starting setUp ThreadGroup: 1 : Clear data token POS 
2023-09-17 15:32:11,990 INFO o.a.j.e.StandardJMeterEngine: Starting 1 threads for group Clear data token POS.
2023-09-17 15:32:11,990 INFO o.a.j.e.StandardJMeterEngine: Thread will continue on error
2023-09-17 15:32:11,990 INFO o.a.j.t.ThreadGroup: Starting thread group... number=1 threads=1 ramp-up=1 delayedStart=false
2023-09-17 15:32:11,994 INFO o.a.j.t.ThreadGroup: Started thread group number 1
2023-09-17 15:32:11,994 INFO o.a.j.e.StandardJMeterEngine: Waiting for all setup thread groups to exit
2023-09-17 15:32:11,994 INFO o.a.j.t.JMeterThread: Thread started: Clear data token POS 1-1
2023-09-17 15:32:11,996 INFO o.a.j.u.BeanShellTestElement: File created successfully: /home/chishiki/Desktop/saveFile1/ChangePIN-RegisterTerminal/dataOutput/data-pos-account-i3.csv
2023-09-17 15:32:11,997 INFO o.a.j.t.JMeterThread: Thread is done: Clear data token POS 1-1
2023-09-17 15:32:11,997 INFO o.a.j.t.JMeterThread: Thread finished: Clear data token POS 1-1
2023-09-17 15:32:11,997 INFO o.a.j.e.StandardJMeterEngine: All Setup Threads have ended
2023-09-17 15:32:12,080 INFO o.a.j.e.StandardJMeterEngine: Starting ThreadGroup: 1 : Thread Group Rest PIN - Login POS - and Change PIN POS 
2023-09-17 15:32:12,080 INFO o.a.j.e.StandardJMeterEngine: Starting 1 threads for group Thread Group Rest PIN - Login POS - and Change PIN POS .
2023-09-17 15:32:12,080 INFO o.a.j.e.StandardJMeterEngine: Thread will continue on error
2023-09-17 15:32:12,080 INFO o.a.j.t.ThreadGroup: Starting thread group... number=1 threads=1 ramp-up=10 delayedStart=false
2023-09-17 15:32:12,081 INFO o.a.j.t.ThreadGroup: Started thread group number 1
2023-09-17 15:32:12,081 INFO o.a.j.e.StandardJMeterEngine: All thread groups have been started
2023-09-17 15:32:12,081 INFO o.a.j.t.JMeterThread: Thread started: Thread Group Rest PIN - Login POS - and Change PIN POS  1-1
2023-09-17 15:32:12,081 INFO o.a.j.s.FileServer: Stored: /home/chishiki/Desktop/saveFile1/ChangePIN-RegisterTerminal/dataInput/data-pos-account-i3-include-PIN.csv Alias: /home/chishiki/Desktop/saveFile1/ChangePIN-RegisterTerminal/dataInput/data-pos-account-i3-include-PIN.csv@213778701
2023-09-17 15:32:14,288 INFO o.a.j.t.JMeterThread: Thread is done: Thread Group Rest PIN - Login POS - and Change PIN POS  1-1
2023-09-17 15:32:14,289 INFO o.a.j.t.JMeterThread: Thread finished: Thread Group Rest PIN - Login POS - and Change PIN POS  1-1
2023-09-17 15:32:14,289 INFO o.a.j.e.StandardJMeterEngine: Notifying test listeners of end of test
2023-09-17 15:32:14,289 INFO o.a.j.s.FileServer: Close: /home/chishiki/Desktop/saveFile1/ChangePIN-RegisterTerminal/dataInput/data-pos-account-i3-include-PIN.csv@213778701
2023-09-17 15:32:14,292 INFO o.a.j.g.u.JMeterMenuBar: setRunning(false, *local*)
2023-09-17 15:35:17,131 INFO o.a.j.g.a.Load: Loading file: /home/chishiki/Desktop/saveFile1/ARM-Function/POSAccount/POSAccount.jmx
2023-09-17 15:35:17,132 INFO o.a.j.s.FileServer: Set new base='/home/chishiki/Desktop/saveFile1/ARM-Function/POSAccount'
2023-09-17 15:35:17,132 INFO o.a.j.s.SaveService: Loading file: /home/chishiki/Desktop/saveFile1/ARM-Function/POSAccount/POSAccount.jmx
2023-09-17 15:35:17,255 INFO o.a.j.r.ClassFinder: Will scan jar /home/chishiki/Downloads/apache-jmeter-5.6.2/lib/ext/jmeter-plugins-manager-1.10.jar with filter ExtendsClassFilter [parents=[interface org.apache.jmeter.visualizers.ResultRenderer], inner=false, contains=null, notContains=null]. Consider exposing JMeter plugins via META-INF/services, and add JMeter-Skip-Class-Scanning=true manifest attribute so JMeter can skip classfile scanning
2023-09-17 15:35:17,257 INFO o.a.j.r.ClassFinder: Will scan jar /home/chishiki/Downloads/apache-jmeter-5.6.2/lib/ext/jmeter-plugins-dummy-0.4.jar with filter ExtendsClassFilter [parents=[interface org.apache.jmeter.visualizers.ResultRenderer], inner=false, contains=null, notContains=null]. Consider exposing JMeter plugins via META-INF/services, and add JMeter-Skip-Class-Scanning=true manifest attribute so JMeter can skip classfile scanning
2023-09-17 15:35:17,262 INFO o.a.j.r.ClassFinder: Will scan jar /home/chishiki/Downloads/apache-jmeter-5.6.2/lib/ext/jmeter-plugins-manager-1.10.jar with filter ExtendsClassFilter [parents=[interface org.apache.jmeter.visualizers.RequestView], inner=false, contains=null, notContains=null]. Consider exposing JMeter plugins via META-INF/services, and add JMeter-Skip-Class-Scanning=true manifest attribute so JMeter can skip classfile scanning
2023-09-17 15:35:17,264 INFO o.a.j.r.ClassFinder: Will scan jar /home/chishiki/Downloads/apache-jmeter-5.6.2/lib/ext/jmeter-plugins-dummy-0.4.jar with filter ExtendsClassFilter [parents=[interface org.apache.jmeter.visualizers.RequestView], inner=false, contains=null, notContains=null]. Consider exposing JMeter plugins via META-INF/services, and add JMeter-Skip-Class-Scanning=true manifest attribute so JMeter can skip classfile scanning
2023-09-17 15:35:17,308 INFO o.a.j.s.FileServer: Set new base='/home/chishiki/Desktop/saveFile1/ARM-Function/POSAccount'
2023-09-17 15:35:43,756 INFO o.a.j.p.h.g.a.ParseCurlCommandAction: Parsed CURL command curl 'https://arm-bs-integration3.tpser.net/ajax/businesslocation/terminals?pageSize=20&pageIndex=1' \
  -H 'authority: arm-bs-integration3.tpser.net' \
  -H 'accept: */*' \
  -H 'accept-language: en-US,en;q=0.9' \
  -H 'cookie: amp_6e403e=zk3AppYTJ15rHQsiHDIlGl...1h8nqt6nn.1h8nqt6nn.0.0.0; org.springframework.web.servlet.i18n.CookieLocaleResolver.LOCALE=en_BS; ARM_COUNTRY=BS; JSESSIONID=7EDA25C264B5FC2535E340E2A7640833; qwertyuiop=7EDA25C264B5FC2535E340E2A7640833' \
  -H 'referer: https://arm-bs-integration3.tpser.net/businesslocation/terminals' \
  -H 'sec-ch-ua: "Chromium";v="116", "Not)A;Brand";v="24", "Google Chrome";v="116"' \
  -H 'sec-ch-ua-mobile: ?0' \
  -H 'sec-ch-ua-platform: "Linux"' \
  -H 'sec-fetch-dest: empty' \
  -H 'sec-fetch-mode: cors' \
  -H 'sec-fetch-site: same-origin' \
  -H 'user-agent: Mozilla/5.0 (X11; Linux x86_64) AppleWebKit/537.36 (KHTML, like Gecko) Chrome/116.0.0.0 Safari/537.36' \
  -H 'x-requested-with: XMLHttpRequest' \
  --compressed into Request [compressed=true, url=https://arm-bs-integration3.tpser.net/ajax/businesslocation/terminals?pageSize=20&pageIndex=1, method=GET, headers=[(authority,arm-bs-integration3.tpser.net), (accept,*/*), (accept-language,en-US,en;q=0.9), (referer,https://arm-bs-integration3.tpser.net/businesslocation/terminals), (sec-ch-ua,"Chromium";v="116", "Not)A;Brand";v="24", "Google Chrome";v="116"), (sec-ch-ua-mobile,?0), (sec-ch-ua-platform,"Linux"), (sec-fetch-dest,empty), (sec-fetch-mode,cors), (sec-fetch-site,same-origin), (user-agent,Mozilla/5.0 (X11; Linux x86_64) AppleWebKit/537.36 (KHTML, like Gecko) Chrome/116.0.0.0 Safari/537.36), (x-requested-with,XMLHttpRequest)]]
2023-09-17 15:35:43,757 INFO o.a.j.p.h.g.a.ParseCurlCommandAction: Newly created element will be placed under current selected node Thread Group - Get Terminals
2023-09-17 15:37:20,328 INFO o.a.j.e.StandardJMeterEngine: Running the test!
2023-09-17 15:37:20,328 INFO o.a.j.s.SampleEvent: List of sample_variables: []
2023-09-17 15:37:20,342 INFO o.a.j.g.u.JMeterMenuBar: setRunning(true, *local*)
2023-09-17 15:37:20,457 INFO o.a.j.e.StandardJMeterEngine: Starting ThreadGroup: 1 : Thread Group - Get Terminals
2023-09-17 15:37:20,457 INFO o.a.j.e.StandardJMeterEngine: Starting 1 threads for group Thread Group - Get Terminals.
2023-09-17 15:37:20,458 INFO o.a.j.e.StandardJMeterEngine: Thread will continue on error
2023-09-17 15:37:20,458 INFO o.a.j.t.ThreadGroup: Starting thread group... number=1 threads=1 ramp-up=1 delayedStart=false
2023-09-17 15:37:20,458 INFO o.a.j.t.ThreadGroup: Started thread group number 1
2023-09-17 15:37:20,458 INFO o.a.j.e.StandardJMeterEngine: All thread groups have been started
2023-09-17 15:37:20,458 INFO o.a.j.t.JMeterThread: Thread started: Thread Group - Get Terminals 1-1
2023-09-17 15:37:22,924 INFO o.a.j.t.JMeterThread: Thread is done: Thread Group - Get Terminals 1-1
2023-09-17 15:37:22,924 INFO o.a.j.t.JMeterThread: Thread finished: Thread Group - Get Terminals 1-1
2023-09-17 15:37:22,924 INFO o.a.j.e.StandardJMeterEngine: Notifying test listeners of end of test
2023-09-17 15:37:22,925 INFO o.a.j.g.u.JMeterMenuBar: setRunning(false, *local*)
2023-09-17 15:39:27,382 INFO o.a.j.e.StandardJMeterEngine: Running the test!
2023-09-17 15:39:27,383 INFO o.a.j.s.SampleEvent: List of sample_variables: []
2023-09-17 15:39:27,396 INFO o.a.j.g.u.JMeterMenuBar: setRunning(true, *local*)
2023-09-17 15:39:27,495 INFO o.a.j.e.StandardJMeterEngine: Starting ThreadGroup: 1 : Thread Group - Get Terminals
2023-09-17 15:39:27,496 INFO o.a.j.e.StandardJMeterEngine: Starting 1 threads for group Thread Group - Get Terminals.
2023-09-17 15:39:27,496 INFO o.a.j.e.StandardJMeterEngine: Thread will continue on error
2023-09-17 15:39:27,496 INFO o.a.j.t.ThreadGroup: Starting thread group... number=1 threads=1 ramp-up=1 delayedStart=false
2023-09-17 15:39:27,496 INFO o.a.j.t.ThreadGroup: Started thread group number 1
2023-09-17 15:39:27,496 INFO o.a.j.e.StandardJMeterEngine: All thread groups have been started
2023-09-17 15:39:27,496 INFO o.a.j.t.JMeterThread: Thread started: Thread Group - Get Terminals 1-1
2023-09-17 15:39:29,344 INFO o.a.j.t.JMeterThread: Thread is done: Thread Group - Get Terminals 1-1
2023-09-17 15:39:29,344 INFO o.a.j.t.JMeterThread: Thread finished: Thread Group - Get Terminals 1-1
2023-09-17 15:39:29,344 INFO o.a.j.e.StandardJMeterEngine: Notifying test listeners of end of test
2023-09-17 15:39:29,345 INFO o.a.j.g.u.JMeterMenuBar: setRunning(false, *local*)
2023-09-17 15:41:22,889 INFO o.a.j.p.h.g.a.ParseCurlCommandAction: Parsed CURL command curl 'https://arm-bs-integration3.tpser.net/ajax/businesslocation/terminal/deregister' \
  -H 'authority: arm-bs-integration3.tpser.net' \
  -H 'accept: */*' \
  -H 'accept-language: en-US,en;q=0.9' \
  -H 'content-type: application/x-www-form-urlencoded; charset=UTF-8' \
  -H 'cookie: amp_6e403e=zk3AppYTJ15rHQsiHDIlGl...1h8nqt6nn.1h8nqt6nn.0.0.0; org.springframework.web.servlet.i18n.CookieLocaleResolver.LOCALE=en_BS; ARM_COUNTRY=BS; JSESSIONID=7EDA25C264B5FC2535E340E2A7640833; qwertyuiop=7EDA25C264B5FC2535E340E2A7640833' \
  -H 'origin: https://arm-bs-integration3.tpser.net' \
  -H 'referer: https://arm-bs-integration3.tpser.net/businesslocation/terminals' \
  -H 'sec-ch-ua: "Chromium";v="116", "Not)A;Brand";v="24", "Google Chrome";v="116"' \
  -H 'sec-ch-ua-mobile: ?0' \
  -H 'sec-ch-ua-platform: "Linux"' \
  -H 'sec-fetch-dest: empty' \
  -H 'sec-fetch-mode: cors' \
  -H 'sec-fetch-site: same-origin' \
  -H 'user-agent: Mozilla/5.0 (X11; Linux x86_64) AppleWebKit/537.36 (KHTML, like Gecko) Chrome/116.0.0.0 Safari/537.36' \
  -H 'x-requested-with: XMLHttpRequest' \
  --data-raw 'terminalId=autoi3n0mf-cgq0-thuu-hpbo-722undqn4x' \
  --compressed into Request [compressed=true, url=https://arm-bs-integration3.tpser.net/ajax/businesslocation/terminal/deregister, method=POST, headers=[(authority,arm-bs-integration3.tpser.net), (accept,*/*), (accept-language,en-US,en;q=0.9), (content-type,application/x-www-form-urlencoded; charset=UTF-8), (origin,https://arm-bs-integration3.tpser.net), (referer,https://arm-bs-integration3.tpser.net/businesslocation/terminals), (sec-ch-ua,"Chromium";v="116", "Not)A;Brand";v="24", "Google Chrome";v="116"), (sec-ch-ua-mobile,?0), (sec-ch-ua-platform,"Linux"), (sec-fetch-dest,empty), (sec-fetch-mode,cors), (sec-fetch-site,same-origin), (user-agent,Mozilla/5.0 (X11; Linux x86_64) AppleWebKit/537.36 (KHTML, like Gecko) Chrome/116.0.0.0 Safari/537.36), (x-requested-with,XMLHttpRequest)]]
2023-09-17 15:41:22,890 INFO o.a.j.p.h.g.a.ParseCurlCommandAction: Newly created element will be placed under current selected node Thread Group
2023-09-17 15:44:00,323 INFO o.a.j.e.StandardJMeterEngine: Running the test!
2023-09-17 15:44:00,324 INFO o.a.j.s.SampleEvent: List of sample_variables: []
2023-09-17 15:44:00,337 INFO o.a.j.g.u.JMeterMenuBar: setRunning(true, *local*)
2023-09-17 15:44:00,454 INFO o.a.j.e.StandardJMeterEngine: Starting ThreadGroup: 1 : Thread Group - Get Terminals
2023-09-17 15:44:00,455 INFO o.a.j.e.StandardJMeterEngine: Starting 1 threads for group Thread Group - Get Terminals.
2023-09-17 15:44:00,455 INFO o.a.j.e.StandardJMeterEngine: Thread will continue on error
2023-09-17 15:44:00,455 INFO o.a.j.t.ThreadGroup: Starting thread group... number=1 threads=1 ramp-up=1 delayedStart=false
2023-09-17 15:44:00,455 INFO o.a.j.t.ThreadGroup: Started thread group number 1
2023-09-17 15:44:00,455 INFO o.a.j.e.StandardJMeterEngine: All thread groups have been started
2023-09-17 15:44:00,456 INFO o.a.j.t.JMeterThread: Thread started: Thread Group - Get Terminals 1-1
2023-09-17 15:44:01,985 INFO o.a.j.t.JMeterThread: Thread is done: Thread Group - Get Terminals 1-1
2023-09-17 15:44:01,985 INFO o.a.j.t.JMeterThread: Thread finished: Thread Group - Get Terminals 1-1
2023-09-17 15:44:01,986 INFO o.a.j.e.StandardJMeterEngine: Notifying test listeners of end of test
2023-09-17 15:44:01,988 INFO o.a.j.g.u.JMeterMenuBar: setRunning(false, *local*)
2023-09-17 15:44:57,851 INFO o.a.j.e.StandardJMeterEngine: Running the test!
2023-09-17 15:44:57,851 INFO o.a.j.s.SampleEvent: List of sample_variables: []
2023-09-17 15:44:57,864 INFO o.a.j.g.u.JMeterMenuBar: setRunning(true, *local*)
2023-09-17 15:44:57,951 INFO o.a.j.e.StandardJMeterEngine: Starting ThreadGroup: 1 : Thread Group - Get Terminals
2023-09-17 15:44:57,951 INFO o.a.j.e.StandardJMeterEngine: Starting 1 threads for group Thread Group - Get Terminals.
2023-09-17 15:44:57,951 INFO o.a.j.e.StandardJMeterEngine: Thread will continue on error
2023-09-17 15:44:57,951 INFO o.a.j.t.ThreadGroup: Starting thread group... number=1 threads=1 ramp-up=1 delayedStart=false
2023-09-17 15:44:57,952 INFO o.a.j.t.ThreadGroup: Started thread group number 1
2023-09-17 15:44:57,952 INFO o.a.j.e.StandardJMeterEngine: All thread groups have been started
2023-09-17 15:44:57,952 INFO o.a.j.t.JMeterThread: Thread started: Thread Group - Get Terminals 1-1
2023-09-17 15:44:59,424 INFO o.a.j.t.JMeterThread: Thread is done: Thread Group - Get Terminals 1-1
2023-09-17 15:44:59,424 INFO o.a.j.t.JMeterThread: Thread finished: Thread Group - Get Terminals 1-1
2023-09-17 15:44:59,425 INFO o.a.j.e.StandardJMeterEngine: Notifying test listeners of end of test
2023-09-17 15:44:59,426 INFO o.a.j.g.u.JMeterMenuBar: setRunning(false, *local*)
2023-09-17 15:46:58,750 INFO o.a.j.e.StandardJMeterEngine: Running the test!
2023-09-17 15:46:58,750 INFO o.a.j.s.SampleEvent: List of sample_variables: []
2023-09-17 15:46:58,761 INFO o.a.j.g.u.JMeterMenuBar: setRunning(true, *local*)
2023-09-17 15:46:58,865 INFO o.a.j.e.StandardJMeterEngine: Starting ThreadGroup: 1 : Thread Group - Get Terminals
2023-09-17 15:46:58,866 INFO o.a.j.e.StandardJMeterEngine: Starting 1 threads for group Thread Group - Get Terminals.
2023-09-17 15:46:58,866 INFO o.a.j.e.StandardJMeterEngine: Thread will continue on error
2023-09-17 15:46:58,866 INFO o.a.j.t.ThreadGroup: Starting thread group... number=1 threads=1 ramp-up=1 delayedStart=false
2023-09-17 15:46:58,866 INFO o.a.j.t.ThreadGroup: Started thread group number 1
2023-09-17 15:46:58,867 INFO o.a.j.e.StandardJMeterEngine: All thread groups have been started
2023-09-17 15:46:58,867 INFO o.a.j.t.JMeterThread: Thread started: Thread Group - Get Terminals 1-1
2023-09-17 15:47:03,721 INFO o.a.j.t.JMeterThread: Thread is done: Thread Group - Get Terminals 1-1
2023-09-17 15:47:03,722 INFO o.a.j.t.JMeterThread: Thread finished: Thread Group - Get Terminals 1-1
2023-09-17 15:47:03,723 INFO o.a.j.e.StandardJMeterEngine: Notifying test listeners of end of test
2023-09-17 15:47:03,724 INFO o.a.j.g.u.JMeterMenuBar: setRunning(false, *local*)
2023-09-17 15:47:49,055 INFO o.a.j.e.StandardJMeterEngine: Running the test!
2023-09-17 15:47:49,055 INFO o.a.j.s.SampleEvent: List of sample_variables: []
2023-09-17 15:47:49,067 INFO o.a.j.g.u.JMeterMenuBar: setRunning(true, *local*)
2023-09-17 15:47:49,160 INFO o.a.j.e.StandardJMeterEngine: Starting ThreadGroup: 1 : Thread Group - Get Terminals
2023-09-17 15:47:49,160 INFO o.a.j.e.StandardJMeterEngine: Starting 1 threads for group Thread Group - Get Terminals.
2023-09-17 15:47:49,160 INFO o.a.j.e.StandardJMeterEngine: Thread will continue on error
2023-09-17 15:47:49,161 INFO o.a.j.t.ThreadGroup: Starting thread group... number=1 threads=1 ramp-up=1 delayedStart=false
2023-09-17 15:47:49,161 INFO o.a.j.t.ThreadGroup: Started thread group number 1
2023-09-17 15:47:49,161 INFO o.a.j.e.StandardJMeterEngine: All thread groups have been started
2023-09-17 15:47:49,161 INFO o.a.j.t.JMeterThread: Thread started: Thread Group - Get Terminals 1-1
2023-09-17 15:47:50,817 INFO o.a.j.t.JMeterThread: Thread is done: Thread Group - Get Terminals 1-1
2023-09-17 15:47:50,817 INFO o.a.j.t.JMeterThread: Thread finished: Thread Group - Get Terminals 1-1
2023-09-17 15:47:50,818 INFO o.a.j.e.StandardJMeterEngine: Notifying test listeners of end of test
2023-09-17 15:47:50,819 INFO o.a.j.g.u.JMeterMenuBar: setRunning(false, *local*)
