2023-09-17 16:54:28,041 INFO o.a.j.u.JMeterUtils: Setting Locale to en_EN
2023-09-17 16:54:28,047 INFO o.a.j.JMeter: Loading user properties from: /home/chishiki/Downloads/apache-jmeter-5.6.2/bin/user.properties
2023-09-17 16:54:28,048 INFO o.a.j.JMeter: Loading system properties from: /home/chishiki/Downloads/apache-jmeter-5.6.2/bin/system.properties
2023-09-17 16:54:28,050 INFO o.a.j.JMeter: Copyright (c) 1998-2023 The Apache Software Foundation
2023-09-17 16:54:28,050 INFO o.a.j.JMeter: Version 5.6.2
2023-09-17 16:54:28,050 INFO o.a.j.JMeter: java.version=1.8.0_382
2023-09-17 16:54:28,050 INFO o.a.j.JMeter: java.vm.name=OpenJDK 64-Bit Server VM
2023-09-17 16:54:28,051 INFO o.a.j.JMeter: os.name=Linux
2023-09-17 16:54:28,051 INFO o.a.j.JMeter: os.arch=amd64
2023-09-17 16:54:28,051 INFO o.a.j.JMeter: os.version=6.2.0-32-generic
2023-09-17 16:54:28,051 INFO o.a.j.JMeter: file.encoding=UTF-8
2023-09-17 16:54:28,051 INFO o.a.j.JMeter: java.awt.headless=null
2023-09-17 16:54:28,051 INFO o.a.j.JMeter: Max memory     =1073741824
2023-09-17 16:54:28,051 INFO o.a.j.JMeter: Available Processors =16
2023-09-17 16:54:28,053 INFO o.a.j.JMeter: Default Locale=English (EN)
2023-09-17 16:54:28,053 INFO o.a.j.JMeter: JMeter  Locale=English (EN)
2023-09-17 16:54:28,053 INFO o.a.j.JMeter: JMeterHome=/home/chishiki/Downloads/apache-jmeter-5.6.2
2023-09-17 16:54:28,054 INFO o.a.j.JMeter: user.dir  =/home/chishiki/Desktop/saveFile1/ChangePIN-RegisterTerminal
2023-09-17 16:54:28,054 INFO o.a.j.JMeter: PWD       =/home/chishiki/Desktop/saveFile1/ChangePIN-RegisterTerminal
2023-09-17 16:54:28,054 INFO o.a.j.JMeter: IP: 127.0.1.1 Name: chishiki FullName: chishiki
2023-09-17 16:54:28,062 INFO o.a.j.JMeter: Loaded icon properties from org/apache/jmeter/images/icon.properties
2023-09-17 16:54:28,175 INFO o.a.j.JMeterGuiLauncher: Setting LAF to: com.github.weisj.darklaf.DarkLaf:com.github.weisj.darklaf.theme.SolarizedDarkTheme
2023-09-17 16:54:28,797 INFO o.a.j.r.ClassFinder: Will scan jar /home/chishiki/Downloads/apache-jmeter-5.6.2/lib/ext/jmeter-plugins-manager-1.10.jar with filter ExtendsClassFilter [parents=[interface org.apache.jmeter.gui.action.Command], inner=false, contains=null, notContains=null]. Consider exposing JMeter plugins via META-INF/services, and add JMeter-Skip-Class-Scanning=true manifest attribute so JMeter can skip classfile scanning
2023-09-17 16:54:28,863 INFO o.a.j.r.ClassFinder: Will scan jar /home/chishiki/Downloads/apache-jmeter-5.6.2/lib/ext/jmeter-plugins-dummy-0.4.jar with filter ExtendsClassFilter [parents=[interface org.apache.jmeter.gui.action.Command], inner=false, contains=null, notContains=null]. Consider exposing JMeter plugins via META-INF/services, and add JMeter-Skip-Class-Scanning=true manifest attribute so JMeter can skip classfile scanning
2023-09-17 16:54:28,933 INFO o.a.j.r.ClassFinder: Will scan jar /home/chishiki/Downloads/apache-jmeter-5.6.2/lib/ext/jmeter-plugins-manager-1.10.jar with filter ExtendsClassFilter [parents=[interface org.apache.jmeter.gui.plugin.MenuCreator], inner=false, contains=null, notContains=null]. Consider exposing JMeter plugins via META-INF/services, and add JMeter-Skip-Class-Scanning=true manifest attribute so JMeter can skip classfile scanning
2023-09-17 16:54:28,935 INFO o.a.j.r.ClassFinder: Will scan jar /home/chishiki/Downloads/apache-jmeter-5.6.2/lib/ext/jmeter-plugins-dummy-0.4.jar with filter ExtendsClassFilter [parents=[interface org.apache.jmeter.gui.plugin.MenuCreator], inner=false, contains=null, notContains=null]. Consider exposing JMeter plugins via META-INF/services, and add JMeter-Skip-Class-Scanning=true manifest attribute so JMeter can skip classfile scanning
2023-09-17 16:54:28,991 INFO o.j.r.JARSourceHTTP: Requesting https://jmeter-plugins.org/repo/?installID=linux-8561a7e5d186a1505be513c902f6e3af-gui
2023-09-17 16:54:31,617 INFO o.j.r.PluginManager: Plugins Status: [jpgc-dummy=0.4, jpgc-plugins-manager=1.10, jmeter-core=5.6.2, jmeter-ftp=5.6.2, jmeter-http=5.6.2, jmeter-jdbc=5.6.2, jmeter-jms=5.6.2, jmeter-junit=5.6.2, jmeter-java=5.6.2, jmeter-ldap=5.6.2, jmeter-mail=5.6.2, jmeter-mongodb=5.6.2, jmeter-native=5.6.2, jmeter-tcp=5.6.2, jmeter-components=5.6.2]
2023-09-17 17:05:05,896 INFO o.a.j.p.h.g.a.ParseCurlCommandAction: Parsed CURL command curl 'https://arm-bs-integration3.tpser.net/ajax/smb/payment/kashkard/transfer/kanoo/consumer' \
  -H 'authority: arm-bs-integration3.tpser.net' \
  -H 'accept: */*' \
  -H 'accept-language: en-US,en;q=0.9' \
  -H 'content-type: application/x-www-form-urlencoded; charset=UTF-8' \
  -H 'cookie: amp_6e403e=zk3AppYTJ15rHQsiHDIlGl...1h8nqt6nn.1h8nqt6nn.0.0.0; org.springframework.web.servlet.i18n.CookieLocaleResolver.LOCALE=en_BS; ARM_COUNTRY=BS; JSESSIONID=8C4ED9082480548292BDFBEEF01C01D4; qwertyuiop=8C4ED9082480548292BDFBEEF01C01D4' \
  -H 'origin: https://arm-bs-integration3.tpser.net' \
  -H 'referer: https://arm-bs-integration3.tpser.net/account/smb/payment/kashkard' \
  -H 'sec-ch-ua: "Chromium";v="116", "Not)A;Brand";v="24", "Google Chrome";v="116"' \
  -H 'sec-ch-ua-mobile: ?0' \
  -H 'sec-ch-ua-platform: "Linux"' \
  -H 'sec-fetch-dest: empty' \
  -H 'sec-fetch-mode: cors' \
  -H 'sec-fetch-site: same-origin' \
  -H 'user-agent: Mozilla/5.0 (X11; Linux x86_64) AppleWebKit/537.36 (KHTML, like Gecko) Chrome/116.0.0.0 Safari/537.36' \
  -H 'x-requested-with: XMLHttpRequest' \
  --data-raw 'amount=1&consumerId=19&cardType=KASH_KARD&memo=123' \
  --compressed into Request [compressed=true, url=https://arm-bs-integration3.tpser.net/ajax/smb/payment/kashkard/transfer/kanoo/consumer, method=POST, headers=[(authority,arm-bs-integration3.tpser.net), (accept,*/*), (accept-language,en-US,en;q=0.9), (content-type,application/x-www-form-urlencoded; charset=UTF-8), (origin,https://arm-bs-integration3.tpser.net), (referer,https://arm-bs-integration3.tpser.net/account/smb/payment/kashkard), (sec-ch-ua,"Chromium";v="116", "Not)A;Brand";v="24", "Google Chrome";v="116"), (sec-ch-ua-mobile,?0), (sec-ch-ua-platform,"Linux"), (sec-fetch-dest,empty), (sec-fetch-mode,cors), (sec-fetch-site,same-origin), (user-agent,Mozilla/5.0 (X11; Linux x86_64) AppleWebKit/537.36 (KHTML, like Gecko) Chrome/116.0.0.0 Safari/537.36), (x-requested-with,XMLHttpRequest)]]
2023-09-17 17:05:05,898 INFO o.a.j.p.h.g.a.ParseCurlCommandAction: Newly created element will be placed under current selected node Thread Group
2023-09-17 17:05:05,901 INFO o.a.j.p.h.s.HTTPSamplerBase: Parser for text/html is org.apache.jmeter.protocol.http.parser.LagartoBasedHtmlParser
2023-09-17 17:05:05,901 INFO o.a.j.p.h.s.HTTPSamplerBase: Parser for application/xhtml+xml is org.apache.jmeter.protocol.http.parser.LagartoBasedHtmlParser
2023-09-17 17:05:05,902 INFO o.a.j.p.h.s.HTTPSamplerBase: Parser for application/xml is org.apache.jmeter.protocol.http.parser.LagartoBasedHtmlParser
2023-09-17 17:05:05,902 INFO o.a.j.p.h.s.HTTPSamplerBase: Parser for text/xml is org.apache.jmeter.protocol.http.parser.LagartoBasedHtmlParser
2023-09-17 17:05:05,902 INFO o.a.j.p.h.s.HTTPSamplerBase: Parser for text/vnd.wap.wml is org.apache.jmeter.protocol.http.parser.RegexpHTMLParser
2023-09-17 17:05:05,902 INFO o.a.j.p.h.s.HTTPSamplerBase: Parser for text/css is org.apache.jmeter.protocol.http.parser.CssParser
2023-09-17 17:05:05,906 INFO o.a.j.p.h.c.CookieManager: Settings: Delete null: true Check: true Allow variable: true Save: false Prefix: COOKIE_
2023-09-17 17:06:37,743 INFO o.a.j.s.FileServer: Default base='/home/chishiki/Desktop/saveFile1/ChangePIN-RegisterTerminal'
2023-09-17 17:06:37,744 INFO o.a.j.s.FileServer: Set new base='/home/chishiki/Desktop/saveFile1/ARM-Function/ARM-Fund-Users'
2023-09-17 17:06:37,823 INFO o.a.j.s.SaveService: Testplan (JMX) version: 2.2. Testlog (JTL) version: 2.2
2023-09-17 17:06:37,829 INFO o.a.j.s.SaveService: Using SaveService properties file encoding UTF-8
2023-09-17 17:06:37,829 INFO o.a.j.s.SaveService: Using SaveService properties version 5.0
2023-09-17 17:16:20,232 INFO o.a.j.s.SampleResult: Note: Sample TimeStamps are START times
2023-09-17 17:16:20,232 INFO o.a.j.s.SampleResult: sampleresult.default.encoding is set to UTF-8
2023-09-17 17:16:20,233 INFO o.a.j.s.SampleResult: sampleresult.useNanoTime=true
2023-09-17 17:16:20,233 INFO o.a.j.s.SampleResult: sampleresult.nanoThreadSleep=5000
2023-09-17 17:16:20,335 INFO o.a.j.r.ClassFinder: Will scan jar /home/chishiki/Downloads/apache-jmeter-5.6.2/lib/ext/jmeter-plugins-manager-1.10.jar with filter ExtendsClassFilter [parents=[interface org.apache.jmeter.visualizers.ResultRenderer], inner=false, contains=null, notContains=null]. Consider exposing JMeter plugins via META-INF/services, and add JMeter-Skip-Class-Scanning=true manifest attribute so JMeter can skip classfile scanning
2023-09-17 17:16:20,337 INFO o.a.j.r.ClassFinder: Will scan jar /home/chishiki/Downloads/apache-jmeter-5.6.2/lib/ext/jmeter-plugins-dummy-0.4.jar with filter ExtendsClassFilter [parents=[interface org.apache.jmeter.visualizers.ResultRenderer], inner=false, contains=null, notContains=null]. Consider exposing JMeter plugins via META-INF/services, and add JMeter-Skip-Class-Scanning=true manifest attribute so JMeter can skip classfile scanning
2023-09-17 17:16:20,348 INFO o.a.j.r.ClassFinder: Will scan jar /home/chishiki/Downloads/apache-jmeter-5.6.2/lib/ext/jmeter-plugins-manager-1.10.jar with filter ExtendsClassFilter [parents=[interface org.apache.jmeter.visualizers.RequestView], inner=false, contains=null, notContains=null]. Consider exposing JMeter plugins via META-INF/services, and add JMeter-Skip-Class-Scanning=true manifest attribute so JMeter can skip classfile scanning
2023-09-17 17:16:20,349 INFO o.a.j.r.ClassFinder: Will scan jar /home/chishiki/Downloads/apache-jmeter-5.6.2/lib/ext/jmeter-plugins-dummy-0.4.jar with filter ExtendsClassFilter [parents=[interface org.apache.jmeter.visualizers.RequestView], inner=false, contains=null, notContains=null]. Consider exposing JMeter plugins via META-INF/services, and add JMeter-Skip-Class-Scanning=true manifest attribute so JMeter can skip classfile scanning
2023-09-17 17:16:22,393 INFO o.a.j.e.StandardJMeterEngine: Running the test!
2023-09-17 17:16:22,394 INFO o.a.j.s.SampleEvent: List of sample_variables: []
2023-09-17 17:16:22,394 INFO o.a.j.s.SampleEvent: List of sample_variables: []
2023-09-17 17:16:22,395 INFO o.a.j.e.u.CompoundVariable: Note: Function class names must contain the string: '.functions.'
2023-09-17 17:16:22,395 INFO o.a.j.e.u.CompoundVariable: Note: Function class names must not contain the string: '.gui.'
2023-09-17 17:16:22,545 INFO o.a.j.r.ClassFinder: Will scan jar /home/chishiki/Downloads/apache-jmeter-5.6.2/lib/ext/jmeter-plugins-manager-1.10.jar with filter ExtendsClassFilter [parents=[interface org.apache.jmeter.functions.Function], inner=false, contains=null, notContains=null]. Consider exposing JMeter plugins via META-INF/services, and add JMeter-Skip-Class-Scanning=true manifest attribute so JMeter can skip classfile scanning
2023-09-17 17:16:22,547 INFO o.a.j.r.ClassFinder: Will scan jar /home/chishiki/Downloads/apache-jmeter-5.6.2/lib/ext/jmeter-plugins-dummy-0.4.jar with filter ExtendsClassFilter [parents=[interface org.apache.jmeter.functions.Function], inner=false, contains=null, notContains=null]. Consider exposing JMeter plugins via META-INF/services, and add JMeter-Skip-Class-Scanning=true manifest attribute so JMeter can skip classfile scanning
2023-09-17 17:16:22,596 INFO o.a.j.g.u.JMeterMenuBar: setRunning(true, *local*)
2023-09-17 17:16:22,722 INFO o.a.j.e.StandardJMeterEngine: Starting ThreadGroup: 1 : Thread Group
2023-09-17 17:16:22,722 INFO o.a.j.e.StandardJMeterEngine: Starting 1 threads for group Thread Group.
2023-09-17 17:16:22,722 INFO o.a.j.e.StandardJMeterEngine: Thread will continue on error
2023-09-17 17:16:22,723 INFO o.a.j.t.ThreadGroup: Starting thread group... number=1 threads=1 ramp-up=1 delayedStart=false
2023-09-17 17:16:22,727 INFO o.a.j.t.ThreadGroup: Started thread group number 1
2023-09-17 17:16:22,727 INFO o.a.j.e.StandardJMeterEngine: All thread groups have been started
2023-09-17 17:16:22,730 INFO o.a.j.t.JMeterThread: Thread started: Thread Group 1-1
2023-09-17 17:16:22,731 INFO o.a.j.s.FileServer: Stored: /home/chishiki/Desktop/saveFile1/ARM-Function/ARM-Fund-Users/dataInput/data-user-i3-signed-in.csv
2023-09-17 17:16:22,739 INFO o.a.j.p.h.s.HTTPHCAbstractImpl: Local host = chishiki
2023-09-17 17:16:22,743 INFO o.a.j.p.h.s.HTTPHC4Impl: HTTP request retry count = 0
2023-09-17 17:16:22,795 INFO o.a.j.p.h.s.h.LazyLayeredConnectionSocketFactory: Setting up HTTPS TrustAll Socket Factory
2023-09-17 17:16:22,796 INFO o.a.j.u.JsseSSLManager: Using default SSL protocol: TLS
2023-09-17 17:16:22,796 INFO o.a.j.u.JsseSSLManager: SSL session context: per-thread
2023-09-17 17:16:23,058 INFO o.a.j.u.SSLManager: JmeterKeyStore Location:  type JKS
2023-09-17 17:16:23,059 INFO o.a.j.u.SSLManager: KeyStore created OK
2023-09-17 17:16:23,059 WARN o.a.j.u.SSLManager: Keystore file not found, loading empty keystore
2023-09-17 17:16:25,515 INFO o.a.j.t.JMeterThread: Thread is done: Thread Group 1-1
2023-09-17 17:16:25,515 INFO o.a.j.t.JMeterThread: Thread finished: Thread Group 1-1
2023-09-17 17:16:25,519 INFO o.a.j.e.StandardJMeterEngine: Notifying test listeners of end of test
2023-09-17 17:16:25,519 INFO o.a.j.s.FileServer: Close: /home/chishiki/Desktop/saveFile1/ARM-Function/ARM-Fund-Users/dataInput/data-user-i3-signed-in.csv
2023-09-17 17:16:25,523 INFO o.a.j.g.u.JMeterMenuBar: setRunning(false, *local*)
2023-09-17 17:17:01,345 INFO o.a.j.e.StandardJMeterEngine: Running the test!
2023-09-17 17:17:01,346 INFO o.a.j.s.SampleEvent: List of sample_variables: []
2023-09-17 17:17:01,370 INFO o.a.j.g.u.JMeterMenuBar: setRunning(true, *local*)
2023-09-17 17:17:01,455 INFO o.a.j.e.StandardJMeterEngine: Starting ThreadGroup: 1 : Thread Group
2023-09-17 17:17:01,455 INFO o.a.j.e.StandardJMeterEngine: Starting 22 threads for group Thread Group.
2023-09-17 17:17:01,455 INFO o.a.j.e.StandardJMeterEngine: Thread will continue on error
2023-09-17 17:17:01,455 INFO o.a.j.t.ThreadGroup: Starting thread group... number=1 threads=22 ramp-up=60 delayedStart=false
2023-09-17 17:17:01,458 INFO o.a.j.t.JMeterThread: Thread started: Thread Group 1-1
2023-09-17 17:17:01,458 INFO o.a.j.s.FileServer: Stored: /home/chishiki/Desktop/saveFile1/ARM-Function/ARM-Fund-Users/dataInput/data-user-i3-signed-in.csv
2023-09-17 17:17:01,466 INFO o.a.j.t.ThreadGroup: Started thread group number 1
2023-09-17 17:17:01,466 INFO o.a.j.e.StandardJMeterEngine: All thread groups have been started
2023-09-17 17:17:02,776 INFO o.a.j.t.JMeterThread: Thread is done: Thread Group 1-1
2023-09-17 17:17:02,777 INFO o.a.j.t.JMeterThread: Thread finished: Thread Group 1-1
2023-09-17 17:17:04,184 INFO o.a.j.t.JMeterThread: Thread started: Thread Group 1-2
2023-09-17 17:17:06,189 INFO o.a.j.t.JMeterThread: Thread is done: Thread Group 1-2
2023-09-17 17:17:06,189 INFO o.a.j.t.JMeterThread: Thread finished: Thread Group 1-2
2023-09-17 17:17:06,911 INFO o.a.j.t.JMeterThread: Thread started: Thread Group 1-3
2023-09-17 17:17:08,951 INFO o.a.j.t.JMeterThread: Thread is done: Thread Group 1-3
2023-09-17 17:17:08,952 INFO o.a.j.t.JMeterThread: Thread finished: Thread Group 1-3
2023-09-17 17:17:09,638 INFO o.a.j.t.JMeterThread: Thread started: Thread Group 1-4
2023-09-17 17:17:11,593 INFO o.a.j.t.JMeterThread: Thread is done: Thread Group 1-4
2023-09-17 17:17:11,594 INFO o.a.j.t.JMeterThread: Thread finished: Thread Group 1-4
2023-09-17 17:17:12,364 INFO o.a.j.t.JMeterThread: Thread started: Thread Group 1-5
2023-09-17 17:17:14,563 INFO o.a.j.t.JMeterThread: Thread is done: Thread Group 1-5
2023-09-17 17:17:14,563 INFO o.a.j.t.JMeterThread: Thread finished: Thread Group 1-5
2023-09-17 17:17:15,091 INFO o.a.j.t.JMeterThread: Thread started: Thread Group 1-6
2023-09-17 17:17:17,135 INFO o.a.j.t.JMeterThread: Thread is done: Thread Group 1-6
2023-09-17 17:17:17,136 INFO o.a.j.t.JMeterThread: Thread finished: Thread Group 1-6
2023-09-17 17:17:17,818 INFO o.a.j.t.JMeterThread: Thread started: Thread Group 1-7
2023-09-17 17:17:19,887 INFO o.a.j.t.JMeterThread: Thread is done: Thread Group 1-7
2023-09-17 17:17:19,888 INFO o.a.j.t.JMeterThread: Thread finished: Thread Group 1-7
2023-09-17 17:17:20,545 INFO o.a.j.t.JMeterThread: Thread started: Thread Group 1-8
2023-09-17 17:17:22,653 INFO o.a.j.t.JMeterThread: Thread is done: Thread Group 1-8
2023-09-17 17:17:22,653 INFO o.a.j.t.JMeterThread: Thread finished: Thread Group 1-8
2023-09-17 17:17:23,273 INFO o.a.j.t.JMeterThread: Thread started: Thread Group 1-9
2023-09-17 17:17:25,419 INFO o.a.j.t.JMeterThread: Thread is done: Thread Group 1-9
2023-09-17 17:17:25,419 INFO o.a.j.t.JMeterThread: Thread finished: Thread Group 1-9
2023-09-17 17:17:25,998 INFO o.a.j.t.JMeterThread: Thread started: Thread Group 1-10
2023-09-17 17:17:27,976 INFO o.a.j.t.JMeterThread: Thread is done: Thread Group 1-10
2023-09-17 17:17:27,977 INFO o.a.j.t.JMeterThread: Thread finished: Thread Group 1-10
2023-09-17 17:17:28,725 INFO o.a.j.t.JMeterThread: Thread started: Thread Group 1-11
2023-09-17 17:17:30,893 INFO o.a.j.t.JMeterThread: Thread is done: Thread Group 1-11
2023-09-17 17:17:30,893 INFO o.a.j.t.JMeterThread: Thread finished: Thread Group 1-11
2023-09-17 17:17:31,452 INFO o.a.j.t.JMeterThread: Thread started: Thread Group 1-12
2023-09-17 17:17:33,588 INFO o.a.j.t.JMeterThread: Thread is done: Thread Group 1-12
2023-09-17 17:17:33,588 INFO o.a.j.t.JMeterThread: Thread finished: Thread Group 1-12
2023-09-17 17:17:34,180 INFO o.a.j.t.JMeterThread: Thread started: Thread Group 1-13
2023-09-17 17:17:36,331 INFO o.a.j.t.JMeterThread: Thread is done: Thread Group 1-13
2023-09-17 17:17:36,332 INFO o.a.j.t.JMeterThread: Thread finished: Thread Group 1-13
2023-09-17 17:17:36,907 INFO o.a.j.t.JMeterThread: Thread started: Thread Group 1-14
2023-09-17 17:17:38,843 INFO o.a.j.t.JMeterThread: Thread is done: Thread Group 1-14
2023-09-17 17:17:38,843 INFO o.a.j.t.JMeterThread: Thread finished: Thread Group 1-14
2023-09-17 17:17:39,637 INFO o.a.j.t.JMeterThread: Thread started: Thread Group 1-15
2023-09-17 17:17:41,498 INFO o.a.j.t.JMeterThread: Thread is done: Thread Group 1-15
2023-09-17 17:17:41,498 INFO o.a.j.t.JMeterThread: Thread finished: Thread Group 1-15
2023-09-17 17:17:42,363 INFO o.a.j.t.JMeterThread: Thread started: Thread Group 1-16
2023-09-17 17:17:44,566 INFO o.a.j.t.JMeterThread: Thread is done: Thread Group 1-16
2023-09-17 17:17:44,566 INFO o.a.j.t.JMeterThread: Thread finished: Thread Group 1-16
2023-09-17 17:17:45,088 INFO o.a.j.t.JMeterThread: Thread started: Thread Group 1-17
2023-09-17 17:17:47,236 INFO o.a.j.t.JMeterThread: Thread is done: Thread Group 1-17
2023-09-17 17:17:47,237 INFO o.a.j.t.JMeterThread: Thread finished: Thread Group 1-17
2023-09-17 17:17:47,816 INFO o.a.j.t.JMeterThread: Thread started: Thread Group 1-18
2023-09-17 17:17:49,156 INFO o.a.j.t.JMeterThread: Thread is done: Thread Group 1-18
2023-09-17 17:17:49,156 INFO o.a.j.t.JMeterThread: Thread finished: Thread Group 1-18
2023-09-17 17:17:50,544 INFO o.a.j.t.JMeterThread: Thread started: Thread Group 1-19
2023-09-17 17:17:52,662 INFO o.a.j.t.JMeterThread: Thread is done: Thread Group 1-19
2023-09-17 17:17:52,662 INFO o.a.j.t.JMeterThread: Thread finished: Thread Group 1-19
2023-09-17 17:17:53,270 INFO o.a.j.t.JMeterThread: Thread started: Thread Group 1-20
2023-09-17 17:17:54,600 INFO o.a.j.t.JMeterThread: Thread is done: Thread Group 1-20
2023-09-17 17:17:54,601 INFO o.a.j.t.JMeterThread: Thread finished: Thread Group 1-20
2023-09-17 17:17:55,996 INFO o.a.j.t.JMeterThread: Thread started: Thread Group 1-21
2023-09-17 17:17:58,087 INFO o.a.j.t.JMeterThread: Thread is done: Thread Group 1-21
2023-09-17 17:17:58,087 INFO o.a.j.t.JMeterThread: Thread finished: Thread Group 1-21
2023-09-17 17:17:58,724 INFO o.a.j.t.JMeterThread: Thread started: Thread Group 1-22
2023-09-17 17:18:01,192 INFO o.a.j.t.JMeterThread: Thread is done: Thread Group 1-22
2023-09-17 17:18:01,192 INFO o.a.j.t.JMeterThread: Thread finished: Thread Group 1-22
2023-09-17 17:18:01,193 INFO o.a.j.e.StandardJMeterEngine: Notifying test listeners of end of test
2023-09-17 17:18:01,193 INFO o.a.j.s.FileServer: Close: /home/chishiki/Desktop/saveFile1/ARM-Function/ARM-Fund-Users/dataInput/data-user-i3-signed-in.csv
2023-09-17 17:18:01,196 INFO o.a.j.g.u.JMeterMenuBar: setRunning(false, *local*)
