2023-09-10 09:19:18,044 INFO o.a.j.u.JMeterUtils: Setting Locale to en_EN
2023-09-10 09:19:18,051 INFO o.a.j.JMeter: Loading user properties from: /home/chishiki/Downloads/apache-jmeter-5.6.2/bin/user.properties
2023-09-10 09:19:18,051 INFO o.a.j.JMeter: Loading system properties from: /home/chishiki/Downloads/apache-jmeter-5.6.2/bin/system.properties
2023-09-10 09:19:18,054 INFO o.a.j.JMeter: Copyright (c) 1998-2023 The Apache Software Foundation
2023-09-10 09:19:18,055 INFO o.a.j.JMeter: Version 5.6.2
2023-09-10 09:19:18,055 INFO o.a.j.JMeter: java.version=1.8.0_382
2023-09-10 09:19:18,055 INFO o.a.j.JMeter: java.vm.name=OpenJDK 64-Bit Server VM
2023-09-10 09:19:18,055 INFO o.a.j.JMeter: os.name=Linux
2023-09-10 09:19:18,055 INFO o.a.j.JMeter: os.arch=amd64
2023-09-10 09:19:18,055 INFO o.a.j.JMeter: os.version=6.2.0-32-generic
2023-09-10 09:19:18,055 INFO o.a.j.JMeter: file.encoding=UTF-8
2023-09-10 09:19:18,055 INFO o.a.j.JMeter: java.awt.headless=null
2023-09-10 09:19:18,055 INFO o.a.j.JMeter: Max memory     =1073741824
2023-09-10 09:19:18,055 INFO o.a.j.JMeter: Available Processors =16
2023-09-10 09:19:18,057 INFO o.a.j.JMeter: Default Locale=English (EN)
2023-09-10 09:19:18,058 INFO o.a.j.JMeter: JMeter  Locale=English (EN)
2023-09-10 09:19:18,058 INFO o.a.j.JMeter: JMeterHome=/home/chishiki/Downloads/apache-jmeter-5.6.2
2023-09-10 09:19:18,058 INFO o.a.j.JMeter: user.dir  =/home/chishiki/Desktop/saveFile1/NFCBand/Load-NFC/dataOutput
2023-09-10 09:19:18,058 INFO o.a.j.JMeter: PWD       =/home/chishiki/Desktop/saveFile1/NFCBand/Load-NFC/dataOutput
2023-09-10 09:19:18,058 INFO o.a.j.JMeter: IP: 127.0.1.1 Name: chishiki FullName: chishiki
2023-09-10 09:19:18,066 INFO o.a.j.JMeter: Loaded icon properties from org/apache/jmeter/images/icon.properties
2023-09-10 09:19:18,176 INFO o.a.j.JMeterGuiLauncher: Setting LAF to: com.github.weisj.darklaf.DarkLaf:com.github.weisj.darklaf.theme.SolarizedDarkTheme
2023-09-10 09:19:18,877 INFO o.a.j.r.ClassFinder: Will scan jar /home/chishiki/Downloads/apache-jmeter-5.6.2/lib/ext/jmeter-plugins-manager-1.10.jar with filter ExtendsClassFilter [parents=[interface org.apache.jmeter.gui.action.Command], inner=false, contains=null, notContains=null]. Consider exposing JMeter plugins via META-INF/services, and add JMeter-Skip-Class-Scanning=true manifest attribute so JMeter can skip classfile scanning
2023-09-10 09:19:18,938 INFO o.a.j.r.ClassFinder: Will scan jar /home/chishiki/Downloads/apache-jmeter-5.6.2/lib/ext/jmeter-plugins-dummy-0.4.jar with filter ExtendsClassFilter [parents=[interface org.apache.jmeter.gui.action.Command], inner=false, contains=null, notContains=null]. Consider exposing JMeter plugins via META-INF/services, and add JMeter-Skip-Class-Scanning=true manifest attribute so JMeter can skip classfile scanning
2023-09-10 09:19:19,058 INFO o.a.j.r.ClassFinder: Will scan jar /home/chishiki/Downloads/apache-jmeter-5.6.2/lib/ext/jmeter-plugins-manager-1.10.jar with filter ExtendsClassFilter [parents=[interface org.apache.jmeter.gui.plugin.MenuCreator], inner=false, contains=null, notContains=null]. Consider exposing JMeter plugins via META-INF/services, and add JMeter-Skip-Class-Scanning=true manifest attribute so JMeter can skip classfile scanning
2023-09-10 09:19:19,059 INFO o.a.j.r.ClassFinder: Will scan jar /home/chishiki/Downloads/apache-jmeter-5.6.2/lib/ext/jmeter-plugins-dummy-0.4.jar with filter ExtendsClassFilter [parents=[interface org.apache.jmeter.gui.plugin.MenuCreator], inner=false, contains=null, notContains=null]. Consider exposing JMeter plugins via META-INF/services, and add JMeter-Skip-Class-Scanning=true manifest attribute so JMeter can skip classfile scanning
2023-09-10 09:19:19,138 INFO o.j.r.JARSourceHTTP: Found cached repo
2023-09-10 09:19:19,437 INFO o.j.r.PluginManager: Plugins Status: [jpgc-dummy=0.4, jpgc-plugins-manager=1.10, jmeter-core=5.6.2, jmeter-ftp=5.6.2, jmeter-http=5.6.2, jmeter-jdbc=5.6.2, jmeter-jms=5.6.2, jmeter-junit=5.6.2, jmeter-java=5.6.2, jmeter-ldap=5.6.2, jmeter-mail=5.6.2, jmeter-mongodb=5.6.2, jmeter-native=5.6.2, jmeter-tcp=5.6.2, jmeter-components=5.6.2]
2023-09-10 09:20:43,885 INFO o.a.j.s.FileServer: Default base='/home/chishiki/Desktop/saveFile1/NFCBand/Load-NFC/dataOutput'
2023-09-10 09:20:43,887 INFO o.a.j.g.a.Load: Loading file: /home/chishiki/Desktop/POS-Function/NFCBand/OnboardNFCBand/Script/OnboardNFCBand.jmx
2023-09-10 09:20:43,887 INFO o.a.j.s.FileServer: Set new base='/home/chishiki/Desktop/POS-Function/NFCBand/OnboardNFCBand/Script'
2023-09-10 09:20:44,010 INFO o.a.j.s.SaveService: Testplan (JMX) version: 2.2. Testlog (JTL) version: 2.2
2023-09-10 09:20:44,034 INFO o.a.j.s.SaveService: Using SaveService properties file encoding UTF-8
2023-09-10 09:20:44,035 INFO o.a.j.s.SaveService: Using SaveService properties version 5.0
2023-09-10 09:20:44,036 INFO o.a.j.s.SaveService: Loading file: /home/chishiki/Desktop/POS-Function/NFCBand/OnboardNFCBand/Script/OnboardNFCBand.jmx
2023-09-10 09:20:44,101 INFO o.a.j.p.h.s.HTTPSamplerBase: Parser for text/html is org.apache.jmeter.protocol.http.parser.LagartoBasedHtmlParser
2023-09-10 09:20:44,101 INFO o.a.j.p.h.s.HTTPSamplerBase: Parser for application/xhtml+xml is org.apache.jmeter.protocol.http.parser.LagartoBasedHtmlParser
2023-09-10 09:20:44,101 INFO o.a.j.p.h.s.HTTPSamplerBase: Parser for application/xml is org.apache.jmeter.protocol.http.parser.LagartoBasedHtmlParser
2023-09-10 09:20:44,101 INFO o.a.j.p.h.s.HTTPSamplerBase: Parser for text/xml is org.apache.jmeter.protocol.http.parser.LagartoBasedHtmlParser
2023-09-10 09:20:44,101 INFO o.a.j.p.h.s.HTTPSamplerBase: Parser for text/vnd.wap.wml is org.apache.jmeter.protocol.http.parser.RegexpHTMLParser
2023-09-10 09:20:44,101 INFO o.a.j.p.h.s.HTTPSamplerBase: Parser for text/css is org.apache.jmeter.protocol.http.parser.CssParser
2023-09-10 09:20:44,380 INFO o.a.j.s.SampleResult: Note: Sample TimeStamps are START times
2023-09-10 09:20:44,380 INFO o.a.j.s.SampleResult: sampleresult.default.encoding is set to UTF-8
2023-09-10 09:20:44,380 INFO o.a.j.s.SampleResult: sampleresult.useNanoTime=true
2023-09-10 09:20:44,380 INFO o.a.j.s.SampleResult: sampleresult.nanoThreadSleep=5000
2023-09-10 09:20:44,471 INFO o.a.j.r.ClassFinder: Will scan jar /home/chishiki/Downloads/apache-jmeter-5.6.2/lib/ext/jmeter-plugins-manager-1.10.jar with filter ExtendsClassFilter [parents=[interface org.apache.jmeter.visualizers.ResultRenderer], inner=false, contains=null, notContains=null]. Consider exposing JMeter plugins via META-INF/services, and add JMeter-Skip-Class-Scanning=true manifest attribute so JMeter can skip classfile scanning
2023-09-10 09:20:44,472 INFO o.a.j.r.ClassFinder: Will scan jar /home/chishiki/Downloads/apache-jmeter-5.6.2/lib/ext/jmeter-plugins-dummy-0.4.jar with filter ExtendsClassFilter [parents=[interface org.apache.jmeter.visualizers.ResultRenderer], inner=false, contains=null, notContains=null]. Consider exposing JMeter plugins via META-INF/services, and add JMeter-Skip-Class-Scanning=true manifest attribute so JMeter can skip classfile scanning
2023-09-10 09:20:44,488 INFO o.a.j.r.ClassFinder: Will scan jar /home/chishiki/Downloads/apache-jmeter-5.6.2/lib/ext/jmeter-plugins-manager-1.10.jar with filter ExtendsClassFilter [parents=[interface org.apache.jmeter.visualizers.RequestView], inner=false, contains=null, notContains=null]. Consider exposing JMeter plugins via META-INF/services, and add JMeter-Skip-Class-Scanning=true manifest attribute so JMeter can skip classfile scanning
2023-09-10 09:20:44,489 INFO o.a.j.r.ClassFinder: Will scan jar /home/chishiki/Downloads/apache-jmeter-5.6.2/lib/ext/jmeter-plugins-dummy-0.4.jar with filter ExtendsClassFilter [parents=[interface org.apache.jmeter.visualizers.RequestView], inner=false, contains=null, notContains=null]. Consider exposing JMeter plugins via META-INF/services, and add JMeter-Skip-Class-Scanning=true manifest attribute so JMeter can skip classfile scanning
2023-09-10 09:20:44,538 INFO o.a.j.s.FileServer: Set new base='/home/chishiki/Desktop/POS-Function/NFCBand/OnboardNFCBand/Script'
